#
# A fatal error has been detected by the Java Runtime Environment:
#
#  Internal Error (javaClasses.cpp:136), pid=14460, tid=41416
#  fatal error: Invalid layout of preloaded class
#
# JRE version:  (7.0_71-b14) (build )
# Java VM: Java HotSpot(TM) 64-Bit Server VM (24.71-b01 mixed mode windows-amd64 compressed oops)
# Failed to write core dump. Minidumps are not enabled by default on client versions of Windows
#
# If you would like to submit a bug report, please visit:
#   http://bugreport.sun.com/bugreport/crash.jsp
#

---------------  T H R E A D  ---------------

Current thread (0x00000000028d0800):  JavaThread "Unknown thread" [_thread_in_vm, id=41416, stack(0x00000000027d0000,0x00000000028d0000)]

Stack: [0x00000000027d0000,0x00000000028d0000]

---------------  P R O C E S S  ---------------

Java Threads: ( => current thread )

Other Threads:

=>0x00000000028d0800 (exited) JavaThread "Unknown thread" [_thread_in_vm, id=41416, stack(0x00000000027d0000,0x00000000028d0000)]

VM state:not at safepoint (not fully initialized)

VM Mutex/Monitor currently owned by a thread: None

GC Heap History (0 events):
No events

Deoptimization events (0 events):
No events

Internal exceptions (0 events):
No events

Events (10 events):
Event: 0.166 loading class 0x00000000029149b0 done
Event: 0.173 loading class 0x00000000029143d0 done
Event: 0.173 loading class 0x00000000029143b0
Event: 0.173 loading class 0x000000000291c500
Event: 0.173 loading class 0x000000000291c500 done
Event: 0.173 loading class 0x000000000291c530
Event: 0.173 loading class 0x000000000291c530 done
Event: 0.173 loading class 0x000000000291c560
Event: 0.173 loading class 0x000000000291c560 done
Event: 0.174 loading class 0x00000000029143b0 done


Dynamic libraries:
0x00007ff685f70000 - 0x00007ff685fa3000 	D:\develop\jdk\jdk1.7.0_71\bin\javaw.exe
0x00007ff82d130000 - 0x00007ff82d2f1000 	C:\WINDOWS\SYSTEM32\ntdll.dll
0x00007ff82af20000 - 0x00007ff82afcd000 	C:\WINDOWS\system32\KERNEL32.DLL
0x00007ff829590000 - 0x00007ff829778000 	C:\WINDOWS\system32\KERNELBASE.dll
0x00007ff82cfa0000 - 0x00007ff82d047000 	C:\WINDOWS\system32\ADVAPI32.dll
0x00007ff82a3f0000 - 0x00007ff82a48d000 	C:\WINDOWS\system32\msvcrt.dll
0x00007ff82afd0000 - 0x00007ff82b02b000 	C:\WINDOWS\system32\sechost.dll
0x00007ff82b810000 - 0x00007ff82b92c000 	C:\WINDOWS\system32\RPCRT4.dll
0x00007ff82b330000 - 0x00007ff82b486000 	C:\WINDOWS\system32\USER32.dll
0x00007ff82b490000 - 0x00007ff82b616000 	C:\WINDOWS\system32\GDI32.dll
0x00007ff81d620000 - 0x00007ff81d894000 	C:\WINDOWS\WinSxS\amd64_microsoft.windows.common-controls_6595b64144ccf1df_6.0.10586.0_none_8c15ae12515e1c22\COMCTL32.dll
0x00007ff82b030000 - 0x00007ff82b2ad000 	C:\WINDOWS\system32\combase.dll
0x00007ff829f90000 - 0x00007ff829ffa000 	C:\WINDOWS\system32\bcryptPrimitives.dll
0x00007ff82add0000 - 0x00007ff82ae0b000 	C:\WINDOWS\system32\IMM32.DLL
0x0000000054590000 - 0x0000000054662000 	D:\develop\jdk\jdk1.7.0_71\jre\bin\msvcr100.dll
0x0000000052910000 - 0x00000000530e3000 	D:\develop\jdk\jdk1.7.0_71\jre\bin\server\jvm.dll
0x00007ff82a290000 - 0x00007ff82a2b3000 	C:\WINDOWS\system32\WINMM.dll
0x00007ff829550000 - 0x00007ff82957c000 	C:\WINDOWS\system32\WINMMBASE.dll
0x00007ff81dad0000 - 0x00007ff81dad9000 	C:\WINDOWS\SYSTEM32\WSOCK32.dll
0x00007ff829f40000 - 0x00007ff829f83000 	C:\WINDOWS\system32\cfgmgr32.dll
0x00007ff82d0b0000 - 0x00007ff82d0b8000 	C:\WINDOWS\system32\PSAPI.DLL
0x00007ff82d0c0000 - 0x00007ff82d12b000 	C:\WINDOWS\system32\WS2_32.dll
0x0000000053c30000 - 0x0000000053c3f000 	D:\develop\jdk\jdk1.7.0_71\jre\bin\verify.dll
0x00000000528e0000 - 0x0000000052908000 	D:\develop\jdk\jdk1.7.0_71\jre\bin\java.dll
0x00000000528c0000 - 0x00000000528d5000 	D:\develop\jdk\jdk1.7.0_71\jre\bin\zip.dll

VM Arguments:
jvm_args: -Dfile.encoding=GBK -Xbootclasspath:D:\develop\adt-bundle-windows-x86_64-20140702\sdk\platforms\android-18\android.jar 
java_command: com.example.mobilesafe.activity.SettingActivity
Launcher Type: SUN_STANDARD

Environment Variables:
JAVA_HOME=D:\develop\jdk\jdk1.8.0_91
PATH=D:/develop/jdk/jdk1.8.0_91/bin/../jre/bin/server;D:/develop/jdk/jdk1.8.0_91/bin/../jre/bin;D:/develop/jdk/jdk1.8.0_91/bin/../jre/lib/amd64;d:\Program Files (x86)\Real\RealProducer Plus 11;C:\Program Files (x86)\Common Files\NetSarang;D:\develop\jdk\jdk1.8.0_91/bin;C:\WINDOWS\system32;C:\WINDOWS;C:\WINDOWS\System32\Wbem;C:\WINDOWS\System32\WindowsPowerShell\v1.0\;C:\Program Files\MySQL\MySQL Server 5.5\bin;C:\Program Files\TortoiseSVN\bin;D:\develop\adt-bundle-windows-x86_64-20140702\eclipse;
USERNAME=Administrator
OS=Windows_NT
PROCESSOR_IDENTIFIER=Intel64 Family 6 Model 60 Stepping 3, GenuineIntel



---------------  S Y S T E M  ---------------

OS: Windows 8.1 , 64 bit Build 9600 

CPU:total 4 (4 cores per cpu, 1 threads per core) family 6 model 60 stepping 3, cmov, cx8, fxsr, mmx, sse, sse2, sse3, ssse3, sse4.1, sse4.2, popcnt, avx, avx2, aes, erms, tsc, tscinvbit

Memory: 4k page, physical 8257236k(2277604k free), swap 16645844k(5734400k free)

vm_info: Java HotSpot(TM) 64-Bit Server VM (24.71-b01) for windows-amd64 JRE (1.7.0_71-b14), built on Sep 26 2014 16:16:12 by "java_re" with unknown MS VC++:1600

time: Thu Jul 14 10:48:07 2016
elapsed time: 0 seconds

